{"/Users/mpanojulesoreste/Documents/GitHub/messaging-center/our-kids-read-automation/server/server.js": {"path":"/Users/mpanojulesoreste/Documents/GitHub/messaging-center/our-kids-read-automation/server/server.js","statementMap":{"0":{"start":{"line":1,"column":16},"end":{"line":1,"column":34}},"1":{"start":{"line":2,"column":17},"end":{"line":2,"column":36}},"2":{"start":{"line":3,"column":0},"end":{"line":3,"column":35}},"3":{"start":{"line":4,"column":13},"end":{"line":4,"column":28}},"4":{"start":{"line":5,"column":0},"end":{"line":5,"column":27}},"5":{"start":{"line":8,"column":19},"end":{"line":8,"column":43}},"6":{"start":{"line":9,"column":22},"end":{"line":9,"column":50}},"7":{"start":{"line":11,"column":12},"end":{"line":11,"column":21}},"8":{"start":{"line":12,"column":13},"end":{"line":12,"column":37}},"9":{"start":{"line":15,"column":0},"end":{"line":15,"column":16}},"10":{"start":{"line":16,"column":0},"end":{"line":16,"column":24}},"11":{"start":{"line":19,"column":0},"end":{"line":19,"column":51}},"12":{"start":{"line":20,"column":17},"end":{"line":20,"column":40}},"13":{"start":{"line":21,"column":0},"end":{"line":21,"column":96}},"14":{"start":{"line":23,"column":0},"end":{"line":31,"column":5}},"15":{"start":{"line":24,"column":14},"end":{"line":24,"column":59}},"16":{"start":{"line":26,"column":4},"end":{"line":26,"column":45}},"17":{"start":{"line":27,"column":4},"end":{"line":27,"column":41}},"18":{"start":{"line":28,"column":4},"end":{"line":28,"column":47}},"19":{"start":{"line":29,"column":4},"end":{"line":29,"column":61}},"20":{"start":{"line":29,"column":20},"end":{"line":29,"column":61}},"21":{"start":{"line":30,"column":4},"end":{"line":30,"column":68}},"22":{"start":{"line":34,"column":0},"end":{"line":34,"column":47}},"23":{"start":{"line":35,"column":0},"end":{"line":35,"column":55}},"24":{"start":{"line":37,"column":0},"end":{"line":37,"column":33}},"25":{"start":{"line":38,"column":0},"end":{"line":38,"column":40}},"26":{"start":{"line":41,"column":0},"end":{"line":43,"column":3}},"27":{"start":{"line":42,"column":2},"end":{"line":42,"column":53}},"28":{"start":{"line":46,"column":0},"end":{"line":55,"column":3}},"29":{"start":{"line":47,"column":2},"end":{"line":47,"column":48}},"30":{"start":{"line":49,"column":2},"end":{"line":54,"column":3}},"31":{"start":{"line":50,"column":4},"end":{"line":50,"column":78}},"32":{"start":{"line":51,"column":4},"end":{"line":51,"column":25}},"33":{"start":{"line":53,"column":4},"end":{"line":53,"column":40}},"34":{"start":{"line":57,"column":0},"end":{"line":57,"column":21}}},"fnMap":{"0":{"name":"(anonymous_0)","decl":{"start":{"line":24,"column":8},"end":{"line":24,"column":9}},"loc":{"start":{"line":24,"column":14},"end":{"line":24,"column":59}},"line":24},"1":{"name":"(anonymous_1)","decl":{"start":{"line":25,"column":9},"end":{"line":25,"column":10}},"loc":{"start":{"line":25,"column":16},"end":{"line":31,"column":3}},"line":25},"2":{"name":"(anonymous_2)","decl":{"start":{"line":41,"column":13},"end":{"line":41,"column":14}},"loc":{"start":{"line":41,"column":27},"end":{"line":43,"column":1}},"line":41},"3":{"name":"(anonymous_3)","decl":{"start":{"line":46,"column":17},"end":{"line":46,"column":18}},"loc":{"start":{"line":46,"column":23},"end":{"line":48,"column":1}},"line":46},"4":{"name":"(anonymous_4)","decl":{"start":{"line":48,"column":15},"end":{"line":48,"column":16}},"loc":{"start":{"line":48,"column":24},"end":{"line":55,"column":1}},"line":48}},"branchMap":{"0":{"loc":{"start":{"line":12,"column":13},"end":{"line":12,"column":37}},"type":"binary-expr","locations":[{"start":{"line":12,"column":13},"end":{"line":12,"column":29}},{"start":{"line":12,"column":33},"end":{"line":12,"column":37}}],"line":12},"1":{"loc":{"start":{"line":29,"column":4},"end":{"line":29,"column":61}},"type":"if","locations":[{"start":{"line":29,"column":4},"end":{"line":29,"column":61}},{"start":{},"end":{}}],"line":29},"2":{"loc":{"start":{"line":49,"column":2},"end":{"line":54,"column":3}},"type":"if","locations":[{"start":{"line":49,"column":2},"end":{"line":54,"column":3}},{"start":{"line":52,"column":9},"end":{"line":54,"column":3}}],"line":49}},"s":{"0":1,"1":1,"2":1,"3":1,"4":1,"5":1,"6":1,"7":1,"8":1,"9":1,"10":1,"11":1,"12":1,"13":1,"14":1,"15":1,"16":0,"17":0,"18":0,"19":0,"20":0,"21":0,"22":1,"23":1,"24":1,"25":1,"26":1,"27":0,"28":1,"29":1,"30":0,"31":0,"32":0,"33":0,"34":1},"f":{"0":1,"1":0,"2":0,"3":1,"4":0},"b":{"0":[1,0],"1":[0,0],"2":[0,0]},"_coverageSchema":"1a1c01bbd47fc00a2c39e90264f33305004495a9","hash":"35841ea4de8a50d4da69b9064f084f95896b6049"}
,"/Users/mpanojulesoreste/Documents/GitHub/messaging-center/our-kids-read-automation/server/middleware/auth.js": {"path":"/Users/mpanojulesoreste/Documents/GitHub/messaging-center/our-kids-read-automation/server/middleware/auth.js","statementMap":{"0":{"start":{"line":1,"column":12},"end":{"line":1,"column":35}},"1":{"start":{"line":2,"column":0},"end":{"line":2,"column":27}},"2":{"start":{"line":4,"column":0},"end":{"line":25,"column":2}},"3":{"start":{"line":5,"column":16},"end":{"line":5,"column":42}},"4":{"start":{"line":7,"column":2},"end":{"line":10,"column":3}},"5":{"start":{"line":8,"column":4},"end":{"line":8,"column":50}},"6":{"start":{"line":9,"column":4},"end":{"line":9,"column":75}},"7":{"start":{"line":12,"column":2},"end":{"line":24,"column":3}},"8":{"start":{"line":13,"column":20},"end":{"line":13,"column":61}},"9":{"start":{"line":14,"column":4},"end":{"line":14,"column":28}},"10":{"start":{"line":15,"column":4},"end":{"line":15,"column":11}},"11":{"start":{"line":17,"column":4},"end":{"line":22,"column":7}},"12":{"start":{"line":23,"column":4},"end":{"line":23,"column":56}}},"fnMap":{"0":{"name":"(anonymous_0)","decl":{"start":{"line":4,"column":17},"end":{"line":4,"column":18}},"loc":{"start":{"line":4,"column":42},"end":{"line":25,"column":1}},"line":4}},"branchMap":{"0":{"loc":{"start":{"line":7,"column":2},"end":{"line":10,"column":3}},"type":"if","locations":[{"start":{"line":7,"column":2},"end":{"line":10,"column":3}},{"start":{},"end":{}}],"line":7}},"s":{"0":1,"1":1,"2":1,"3":0,"4":0,"5":0,"6":0,"7":0,"8":0,"9":0,"10":0,"11":0,"12":0},"f":{"0":0},"b":{"0":[0,0]},"_coverageSchema":"1a1c01bbd47fc00a2c39e90264f33305004495a9","hash":"bffb48f043ee890ef841a7517dd5679be319931e"}
,"/Users/mpanojulesoreste/Documents/GitHub/messaging-center/our-kids-read-automation/server/models/Message.js": {"path":"/Users/mpanojulesoreste/Documents/GitHub/messaging-center/our-kids-read-automation/server/models/Message.js","statementMap":{"0":{"start":{"line":1,"column":17},"end":{"line":1,"column":36}},"1":{"start":{"line":3,"column":22},"end":{"line":29,"column":2}},"2":{"start":{"line":31,"column":0},"end":{"line":31,"column":58}}},"fnMap":{},"branchMap":{},"s":{"0":1,"1":1,"2":1},"f":{},"b":{},"_coverageSchema":"1a1c01bbd47fc00a2c39e90264f33305004495a9","hash":"59a481d07cd2162caa1324dc2caf67eb76816378"}
,"/Users/mpanojulesoreste/Documents/GitHub/messaging-center/our-kids-read-automation/server/models/User.js": {"path":"/Users/mpanojulesoreste/Documents/GitHub/messaging-center/our-kids-read-automation/server/models/User.js","statementMap":{"0":{"start":{"line":1,"column":17},"end":{"line":1,"column":36}},"1":{"start":{"line":3,"column":19},"end":{"line":22,"column":2}},"2":{"start":{"line":24,"column":0},"end":{"line":24,"column":52}}},"fnMap":{},"branchMap":{},"s":{"0":1,"1":1,"2":1},"f":{},"b":{},"_coverageSchema":"1a1c01bbd47fc00a2c39e90264f33305004495a9","hash":"51c3fae4f2fc735988f8e36226bdb13ab0414761"}
,"/Users/mpanojulesoreste/Documents/GitHub/messaging-center/our-kids-read-automation/server/routes/auth.js": {"path":"/Users/mpanojulesoreste/Documents/GitHub/messaging-center/our-kids-read-automation/server/routes/auth.js","statementMap":{"0":{"start":{"line":1,"column":16},"end":{"line":1,"column":34}},"1":{"start":{"line":2,"column":15},"end":{"line":2,"column":31}},"2":{"start":{"line":3,"column":13},"end":{"line":3,"column":42}},"3":{"start":{"line":4,"column":15},"end":{"line":4,"column":34}},"4":{"start":{"line":5,"column":12},"end":{"line":5,"column":35}},"5":{"start":{"line":6,"column":13},"end":{"line":6,"column":38}},"6":{"start":{"line":9,"column":0},"end":{"line":48,"column":3}},"7":{"start":{"line":10,"column":2},"end":{"line":47,"column":3}},"8":{"start":{"line":11,"column":42},"end":{"line":11,"column":50}},"9":{"start":{"line":14,"column":15},"end":{"line":14,"column":44}},"10":{"start":{"line":15,"column":4},"end":{"line":17,"column":5}},"11":{"start":{"line":16,"column":6},"end":{"line":16,"column":66}},"12":{"start":{"line":20,"column":4},"end":{"line":24,"column":7}},"13":{"start":{"line":27,"column":17},"end":{"line":27,"column":41}},"14":{"start":{"line":28,"column":4},"end":{"line":28,"column":54}},"15":{"start":{"line":31,"column":4},"end":{"line":31,"column":22}},"16":{"start":{"line":34,"column":20},"end":{"line":38,"column":5}},"17":{"start":{"line":40,"column":4},"end":{"line":43,"column":7}},"18":{"start":{"line":41,"column":6},"end":{"line":41,"column":25}},"19":{"start":{"line":41,"column":15},"end":{"line":41,"column":25}},"20":{"start":{"line":42,"column":6},"end":{"line":42,"column":26}},"21":{"start":{"line":45,"column":4},"end":{"line":45,"column":31}},"22":{"start":{"line":46,"column":4},"end":{"line":46,"column":41}},"23":{"start":{"line":51,"column":0},"end":{"line":82,"column":3}},"24":{"start":{"line":52,"column":2},"end":{"line":81,"column":3}},"25":{"start":{"line":53,"column":32},"end":{"line":53,"column":40}},"26":{"start":{"line":56,"column":15},"end":{"line":56,"column":44}},"27":{"start":{"line":57,"column":4},"end":{"line":59,"column":5}},"28":{"start":{"line":58,"column":6},"end":{"line":58,"column":66}},"29":{"start":{"line":62,"column":20},"end":{"line":62,"column":65}},"30":{"start":{"line":63,"column":4},"end":{"line":65,"column":5}},"31":{"start":{"line":64,"column":6},"end":{"line":64,"column":66}},"32":{"start":{"line":68,"column":20},"end":{"line":72,"column":5}},"33":{"start":{"line":74,"column":4},"end":{"line":77,"column":7}},"34":{"start":{"line":75,"column":6},"end":{"line":75,"column":25}},"35":{"start":{"line":75,"column":15},"end":{"line":75,"column":25}},"36":{"start":{"line":76,"column":6},"end":{"line":76,"column":26}},"37":{"start":{"line":79,"column":4},"end":{"line":79,"column":31}},"38":{"start":{"line":80,"column":4},"end":{"line":80,"column":41}},"39":{"start":{"line":85,"column":0},"end":{"line":90,"column":3}},"40":{"start":{"line":86,"column":4},"end":{"line":89,"column":7}},"41":{"start":{"line":93,"column":0},"end":{"line":111,"column":5}},"42":{"start":{"line":94,"column":4},"end":{"line":110,"column":5}},"43":{"start":{"line":95,"column":19},"end":{"line":95,"column":27}},"44":{"start":{"line":96,"column":22},"end":{"line":96,"column":47}},"45":{"start":{"line":98,"column":6},"end":{"line":106,"column":8}},"46":{"start":{"line":103,"column":10},"end":{"line":103,"column":29}},"47":{"start":{"line":103,"column":19},"end":{"line":103,"column":29}},"48":{"start":{"line":104,"column":10},"end":{"line":104,"column":30}},"49":{"start":{"line":108,"column":6},"end":{"line":108,"column":52}},"50":{"start":{"line":109,"column":6},"end":{"line":109,"column":43}},"51":{"start":{"line":113,"column":0},"end":{"line":113,"column":24}}},"fnMap":{"0":{"name":"(anonymous_0)","decl":{"start":{"line":9,"column":25},"end":{"line":9,"column":26}},"loc":{"start":{"line":9,"column":45},"end":{"line":48,"column":1}},"line":9},"1":{"name":"(anonymous_1)","decl":{"start":{"line":40,"column":67},"end":{"line":40,"column":68}},"loc":{"start":{"line":40,"column":83},"end":{"line":43,"column":5}},"line":40},"2":{"name":"(anonymous_2)","decl":{"start":{"line":51,"column":22},"end":{"line":51,"column":23}},"loc":{"start":{"line":51,"column":42},"end":{"line":82,"column":1}},"line":51},"3":{"name":"(anonymous_3)","decl":{"start":{"line":74,"column":67},"end":{"line":74,"column":68}},"loc":{"start":{"line":74,"column":83},"end":{"line":77,"column":5}},"line":74},"4":{"name":"(anonymous_4)","decl":{"start":{"line":85,"column":31},"end":{"line":85,"column":32}},"loc":{"start":{"line":85,"column":45},"end":{"line":90,"column":1}},"line":85},"5":{"name":"(anonymous_5)","decl":{"start":{"line":93,"column":30},"end":{"line":93,"column":31}},"loc":{"start":{"line":93,"column":44},"end":{"line":111,"column":3}},"line":93},"6":{"name":"(anonymous_6)","decl":{"start":{"line":102,"column":8},"end":{"line":102,"column":9}},"loc":{"start":{"line":102,"column":24},"end":{"line":105,"column":9}},"line":102}},"branchMap":{"0":{"loc":{"start":{"line":15,"column":4},"end":{"line":17,"column":5}},"type":"if","locations":[{"start":{"line":15,"column":4},"end":{"line":17,"column":5}},{"start":{},"end":{}}],"line":15},"1":{"loc":{"start":{"line":41,"column":6},"end":{"line":41,"column":25}},"type":"if","locations":[{"start":{"line":41,"column":6},"end":{"line":41,"column":25}},{"start":{},"end":{}}],"line":41},"2":{"loc":{"start":{"line":57,"column":4},"end":{"line":59,"column":5}},"type":"if","locations":[{"start":{"line":57,"column":4},"end":{"line":59,"column":5}},{"start":{},"end":{}}],"line":57},"3":{"loc":{"start":{"line":63,"column":4},"end":{"line":65,"column":5}},"type":"if","locations":[{"start":{"line":63,"column":4},"end":{"line":65,"column":5}},{"start":{},"end":{}}],"line":63},"4":{"loc":{"start":{"line":75,"column":6},"end":{"line":75,"column":25}},"type":"if","locations":[{"start":{"line":75,"column":6},"end":{"line":75,"column":25}},{"start":{},"end":{}}],"line":75},"5":{"loc":{"start":{"line":103,"column":10},"end":{"line":103,"column":29}},"type":"if","locations":[{"start":{"line":103,"column":10},"end":{"line":103,"column":29}},{"start":{},"end":{}}],"line":103}},"s":{"0":1,"1":1,"2":1,"3":1,"4":1,"5":1,"6":1,"7":2,"8":2,"9":2,"10":2,"11":0,"12":2,"13":2,"14":2,"15":2,"16":2,"17":2,"18":2,"19":0,"20":2,"21":0,"22":0,"23":1,"24":2,"25":2,"26":2,"27":2,"28":1,"29":1,"30":1,"31":0,"32":1,"33":1,"34":1,"35":0,"36":1,"37":0,"38":0,"39":1,"40":0,"41":1,"42":0,"43":0,"44":0,"45":0,"46":0,"47":0,"48":0,"49":0,"50":0,"51":1},"f":{"0":2,"1":2,"2":2,"3":1,"4":0,"5":0,"6":0},"b":{"0":[0,2],"1":[0,2],"2":[1,1],"3":[0,1],"4":[0,1],"5":[0,0]},"_coverageSchema":"1a1c01bbd47fc00a2c39e90264f33305004495a9","hash":"6561ff24a184d6baef90c4a7b7a349d7b27b7b87"}
,"/Users/mpanojulesoreste/Documents/GitHub/messaging-center/our-kids-read-automation/server/routes/messages.js": {"path":"/Users/mpanojulesoreste/Documents/GitHub/messaging-center/our-kids-read-automation/server/routes/messages.js","statementMap":{"0":{"start":{"line":1,"column":16},"end":{"line":1,"column":34}},"1":{"start":{"line":2,"column":15},"end":{"line":2,"column":31}},"2":{"start":{"line":3,"column":13},"end":{"line":3,"column":42}},"3":{"start":{"line":4,"column":16},"end":{"line":4,"column":44}},"4":{"start":{"line":7,"column":0},"end":{"line":24,"column":3}},"5":{"start":{"line":8,"column":2},"end":{"line":23,"column":3}},"6":{"start":{"line":9,"column":68},"end":{"line":9,"column":76}},"7":{"start":{"line":10,"column":23},"end":{"line":17,"column":6}},"8":{"start":{"line":18,"column":20},"end":{"line":18,"column":43}},"9":{"start":{"line":19,"column":4},"end":{"line":19,"column":22}},"10":{"start":{"line":21,"column":4},"end":{"line":21,"column":31}},"11":{"start":{"line":22,"column":4},"end":{"line":22,"column":41}},"12":{"start":{"line":27,"column":0},"end":{"line":35,"column":3}},"13":{"start":{"line":28,"column":2},"end":{"line":34,"column":3}},"14":{"start":{"line":29,"column":21},"end":{"line":29,"column":86}},"15":{"start":{"line":30,"column":4},"end":{"line":30,"column":23}},"16":{"start":{"line":32,"column":4},"end":{"line":32,"column":31}},"17":{"start":{"line":33,"column":4},"end":{"line":33,"column":41}},"18":{"start":{"line":38,"column":0},"end":{"line":56,"column":3}},"19":{"start":{"line":39,"column":2},"end":{"line":55,"column":3}},"20":{"start":{"line":40,"column":20},"end":{"line":40,"column":57}},"21":{"start":{"line":41,"column":4},"end":{"line":43,"column":5}},"22":{"start":{"line":42,"column":6},"end":{"line":42,"column":64}},"23":{"start":{"line":45,"column":4},"end":{"line":47,"column":5}},"24":{"start":{"line":46,"column":6},"end":{"line":46,"column":66}},"25":{"start":{"line":48,"column":4},"end":{"line":48,"column":22}},"26":{"start":{"line":50,"column":4},"end":{"line":50,"column":31}},"27":{"start":{"line":51,"column":4},"end":{"line":53,"column":5}},"28":{"start":{"line":52,"column":6},"end":{"line":52,"column":64}},"29":{"start":{"line":54,"column":4},"end":{"line":54,"column":41}},"30":{"start":{"line":59,"column":0},"end":{"line":83,"column":3}},"31":{"start":{"line":60,"column":2},"end":{"line":82,"column":3}},"32":{"start":{"line":61,"column":18},"end":{"line":61,"column":55}},"33":{"start":{"line":62,"column":4},"end":{"line":64,"column":5}},"34":{"start":{"line":63,"column":6},"end":{"line":63,"column":64}},"35":{"start":{"line":66,"column":4},"end":{"line":68,"column":5}},"36":{"start":{"line":67,"column":6},"end":{"line":67,"column":66}},"37":{"start":{"line":69,"column":76},"end":{"line":69,"column":84}},"38":{"start":{"line":70,"column":4},"end":{"line":74,"column":6}},"39":{"start":{"line":75,"column":4},"end":{"line":75,"column":22}},"40":{"start":{"line":77,"column":4},"end":{"line":77,"column":31}},"41":{"start":{"line":78,"column":4},"end":{"line":80,"column":5}},"42":{"start":{"line":79,"column":6},"end":{"line":79,"column":64}},"43":{"start":{"line":81,"column":4},"end":{"line":81,"column":41}},"44":{"start":{"line":86,"column":0},"end":{"line":105,"column":3}},"45":{"start":{"line":87,"column":2},"end":{"line":104,"column":3}},"46":{"start":{"line":88,"column":20},"end":{"line":88,"column":57}},"47":{"start":{"line":89,"column":4},"end":{"line":91,"column":5}},"48":{"start":{"line":90,"column":6},"end":{"line":90,"column":64}},"49":{"start":{"line":93,"column":4},"end":{"line":95,"column":5}},"50":{"start":{"line":94,"column":6},"end":{"line":94,"column":66}},"51":{"start":{"line":96,"column":4},"end":{"line":96,"column":27}},"52":{"start":{"line":97,"column":4},"end":{"line":97,"column":41}},"53":{"start":{"line":99,"column":4},"end":{"line":99,"column":31}},"54":{"start":{"line":100,"column":4},"end":{"line":102,"column":5}},"55":{"start":{"line":101,"column":6},"end":{"line":101,"column":64}},"56":{"start":{"line":103,"column":4},"end":{"line":103,"column":41}},"57":{"start":{"line":107,"column":0},"end":{"line":107,"column":24}}},"fnMap":{"0":{"name":"(anonymous_0)","decl":{"start":{"line":7,"column":23},"end":{"line":7,"column":24}},"loc":{"start":{"line":7,"column":43},"end":{"line":24,"column":1}},"line":7},"1":{"name":"(anonymous_1)","decl":{"start":{"line":27,"column":22},"end":{"line":27,"column":23}},"loc":{"start":{"line":27,"column":42},"end":{"line":35,"column":1}},"line":27},"2":{"name":"(anonymous_2)","decl":{"start":{"line":38,"column":25},"end":{"line":38,"column":26}},"loc":{"start":{"line":38,"column":45},"end":{"line":56,"column":1}},"line":38},"3":{"name":"(anonymous_3)","decl":{"start":{"line":59,"column":25},"end":{"line":59,"column":26}},"loc":{"start":{"line":59,"column":45},"end":{"line":83,"column":1}},"line":59},"4":{"name":"(anonymous_4)","decl":{"start":{"line":86,"column":28},"end":{"line":86,"column":29}},"loc":{"start":{"line":86,"column":48},"end":{"line":105,"column":1}},"line":86}},"branchMap":{"0":{"loc":{"start":{"line":41,"column":4},"end":{"line":43,"column":5}},"type":"if","locations":[{"start":{"line":41,"column":4},"end":{"line":43,"column":5}},{"start":{},"end":{}}],"line":41},"1":{"loc":{"start":{"line":45,"column":4},"end":{"line":47,"column":5}},"type":"if","locations":[{"start":{"line":45,"column":4},"end":{"line":47,"column":5}},{"start":{},"end":{}}],"line":45},"2":{"loc":{"start":{"line":51,"column":4},"end":{"line":53,"column":5}},"type":"if","locations":[{"start":{"line":51,"column":4},"end":{"line":53,"column":5}},{"start":{},"end":{}}],"line":51},"3":{"loc":{"start":{"line":62,"column":4},"end":{"line":64,"column":5}},"type":"if","locations":[{"start":{"line":62,"column":4},"end":{"line":64,"column":5}},{"start":{},"end":{}}],"line":62},"4":{"loc":{"start":{"line":66,"column":4},"end":{"line":68,"column":5}},"type":"if","locations":[{"start":{"line":66,"column":4},"end":{"line":68,"column":5}},{"start":{},"end":{}}],"line":66},"5":{"loc":{"start":{"line":78,"column":4},"end":{"line":80,"column":5}},"type":"if","locations":[{"start":{"line":78,"column":4},"end":{"line":80,"column":5}},{"start":{},"end":{}}],"line":78},"6":{"loc":{"start":{"line":89,"column":4},"end":{"line":91,"column":5}},"type":"if","locations":[{"start":{"line":89,"column":4},"end":{"line":91,"column":5}},{"start":{},"end":{}}],"line":89},"7":{"loc":{"start":{"line":93,"column":4},"end":{"line":95,"column":5}},"type":"if","locations":[{"start":{"line":93,"column":4},"end":{"line":95,"column":5}},{"start":{},"end":{}}],"line":93},"8":{"loc":{"start":{"line":100,"column":4},"end":{"line":102,"column":5}},"type":"if","locations":[{"start":{"line":100,"column":4},"end":{"line":102,"column":5}},{"start":{},"end":{}}],"line":100}},"s":{"0":1,"1":1,"2":1,"3":1,"4":1,"5":0,"6":0,"7":0,"8":0,"9":0,"10":0,"11":0,"12":1,"13":0,"14":0,"15":0,"16":0,"17":0,"18":1,"19":0,"20":0,"21":0,"22":0,"23":0,"24":0,"25":0,"26":0,"27":0,"28":0,"29":0,"30":1,"31":0,"32":0,"33":0,"34":0,"35":0,"36":0,"37":0,"38":0,"39":0,"40":0,"41":0,"42":0,"43":0,"44":1,"45":0,"46":0,"47":0,"48":0,"49":0,"50":0,"51":0,"52":0,"53":0,"54":0,"55":0,"56":0,"57":1},"f":{"0":0,"1":0,"2":0,"3":0,"4":0},"b":{"0":[0,0],"1":[0,0],"2":[0,0],"3":[0,0],"4":[0,0],"5":[0,0],"6":[0,0],"7":[0,0],"8":[0,0]},"_coverageSchema":"1a1c01bbd47fc00a2c39e90264f33305004495a9","hash":"4b0d9f1990c1cbe51ef8283dffbf94c3fa3a3b20"}
}
