TN:
SF:server/server.js
FN:24,(anonymous_0)
FN:25,(anonymous_1)
FN:41,(anonymous_2)
FN:46,(anonymous_3)
FN:48,(anonymous_4)
FNF:5
FNH:2
FNDA:1,(anonymous_0)
FNDA:0,(anonymous_1)
FNDA:0,(anonymous_2)
FNDA:1,(anonymous_3)
FNDA:0,(anonymous_4)
DA:1,1
DA:2,1
DA:3,1
DA:4,1
DA:5,1
DA:8,1
DA:9,1
DA:11,1
DA:12,1
DA:15,1
DA:16,1
DA:19,1
DA:20,1
DA:21,1
DA:23,1
DA:24,1
DA:26,0
DA:27,0
DA:28,0
DA:29,0
DA:30,0
DA:34,1
DA:35,1
DA:37,1
DA:38,1
DA:41,1
DA:42,0
DA:46,1
DA:47,1
DA:49,0
DA:50,0
DA:51,0
DA:53,0
DA:57,1
LF:34
LH:24
BRDA:12,0,0,1
BRDA:12,0,1,0
BRDA:29,1,0,0
BRDA:29,1,1,0
BRDA:49,2,0,0
BRDA:49,2,1,0
BRF:6
BRH:1
end_of_record
TN:
SF:server/middleware/auth.js
FN:4,(anonymous_0)
FNF:1
FNH:0
FNDA:0,(anonymous_0)
DA:1,1
DA:2,1
DA:4,1
DA:5,0
DA:7,0
DA:8,0
DA:9,0
DA:12,0
DA:13,0
DA:14,0
DA:15,0
DA:17,0
DA:23,0
LF:13
LH:3
BRDA:7,0,0,0
BRDA:7,0,1,0
BRF:2
BRH:0
end_of_record
TN:
SF:server/models/Message.js
FNF:0
FNH:0
DA:1,1
DA:3,1
DA:31,1
LF:3
LH:3
BRF:0
BRH:0
end_of_record
TN:
SF:server/models/User.js
FNF:0
FNH:0
DA:1,1
DA:3,1
DA:24,1
LF:3
LH:3
BRF:0
BRH:0
end_of_record
TN:
SF:server/routes/auth.js
FN:9,(anonymous_0)
FN:40,(anonymous_1)
FN:51,(anonymous_2)
FN:74,(anonymous_3)
FN:85,(anonymous_4)
FN:93,(anonymous_5)
FN:102,(anonymous_6)
FNF:7
FNH:4
FNDA:2,(anonymous_0)
FNDA:2,(anonymous_1)
FNDA:2,(anonymous_2)
FNDA:1,(anonymous_3)
FNDA:0,(anonymous_4)
FNDA:0,(anonymous_5)
FNDA:0,(anonymous_6)
DA:1,1
DA:2,1
DA:3,1
DA:4,1
DA:5,1
DA:6,1
DA:9,1
DA:10,2
DA:11,2
DA:14,2
DA:15,2
DA:16,0
DA:20,2
DA:27,2
DA:28,2
DA:31,2
DA:34,2
DA:40,2
DA:41,2
DA:42,2
DA:45,0
DA:46,0
DA:51,1
DA:52,2
DA:53,2
DA:56,2
DA:57,2
DA:58,1
DA:62,1
DA:63,1
DA:64,0
DA:68,1
DA:74,1
DA:75,1
DA:76,1
DA:79,0
DA:80,0
DA:85,1
DA:86,0
DA:93,1
DA:94,0
DA:95,0
DA:96,0
DA:98,0
DA:103,0
DA:104,0
DA:108,0
DA:109,0
DA:113,1
LF:49
LH:34
BRDA:15,0,0,0
BRDA:15,0,1,2
BRDA:41,1,0,0
BRDA:41,1,1,2
BRDA:57,2,0,1
BRDA:57,2,1,1
BRDA:63,3,0,0
BRDA:63,3,1,1
BRDA:75,4,0,0
BRDA:75,4,1,1
BRDA:103,5,0,0
BRDA:103,5,1,0
BRF:12
BRH:6
end_of_record
TN:
SF:server/routes/messages.js
FN:7,(anonymous_0)
FN:27,(anonymous_1)
FN:38,(anonymous_2)
FN:59,(anonymous_3)
FN:86,(anonymous_4)
FNF:5
FNH:0
FNDA:0,(anonymous_0)
FNDA:0,(anonymous_1)
FNDA:0,(anonymous_2)
FNDA:0,(anonymous_3)
FNDA:0,(anonymous_4)
DA:1,1
DA:2,1
DA:3,1
DA:4,1
DA:7,1
DA:8,0
DA:9,0
DA:10,0
DA:18,0
DA:19,0
DA:21,0
DA:22,0
DA:27,1
DA:28,0
DA:29,0
DA:30,0
DA:32,0
DA:33,0
DA:38,1
DA:39,0
DA:40,0
DA:41,0
DA:42,0
DA:45,0
DA:46,0
DA:48,0
DA:50,0
DA:51,0
DA:52,0
DA:54,0
DA:59,1
DA:60,0
DA:61,0
DA:62,0
DA:63,0
DA:66,0
DA:67,0
DA:69,0
DA:70,0
DA:75,0
DA:77,0
DA:78,0
DA:79,0
DA:81,0
DA:86,1
DA:87,0
DA:88,0
DA:89,0
DA:90,0
DA:93,0
DA:94,0
DA:96,0
DA:97,0
DA:99,0
DA:100,0
DA:101,0
DA:103,0
DA:107,1
LF:58
LH:10
BRDA:41,0,0,0
BRDA:41,0,1,0
BRDA:45,1,0,0
BRDA:45,1,1,0
BRDA:51,2,0,0
BRDA:51,2,1,0
BRDA:62,3,0,0
BRDA:62,3,1,0
BRDA:66,4,0,0
BRDA:66,4,1,0
BRDA:78,5,0,0
BRDA:78,5,1,0
BRDA:89,6,0,0
BRDA:89,6,1,0
BRDA:93,7,0,0
BRDA:93,7,1,0
BRDA:100,8,0,0
BRDA:100,8,1,0
BRF:18
BRH:0
end_of_record
